<?xml version="1.0" encoding="UTF-8"?>
<testng-results ignored="0" total="1" passed="1" failed="0" skipped="0">
  <reporter-output>
  </reporter-output>
  <suite started-at="2024-05-28T22:34:43 CDT" name="Default suite" finished-at="2024-05-28T22:34:52 CDT" duration-ms="9300">
    <groups>
    </groups>
    <test started-at="2024-05-28T22:34:43 CDT" name="Default test" finished-at="2024-05-28T22:34:52 CDT" duration-ms="9300">
      <class name="extenReport.Script01">
        <test-method signature="Script1()[pri:0, instance:extenReport.Script01@76c3e77a]" started-at="2024-05-28T22:34:43 CDT" name="Script1" finished-at="2024-05-28T22:34:52 CDT" duration-ms="9261" status="PASS">
          <reporter-output>
          </reporter-output>
        </test-method> <!-- Script1 -->
      </class> <!-- extenReport.Script01 -->
    </test> <!-- Default test -->
  </suite> <!-- Default suite -->
</testng-results>
